\BOOKMARK [1][-]{section.1}{Single construct models}{}% 1
\BOOKMARK [2][-]{subsection.1.1}{Models and coefficients}{section.1}% 2
\BOOKMARK [3][-]{subsubsection.1.1.1}{Latent State models}{subsection.1.1}% 3
\BOOKMARK [3][-]{subsubsection.1.1.2}{Latent State Trait \(LST\) models}{subsection.1.1}% 4
\BOOKMARK [3][-]{subsubsection.1.1.3}{Latent State Trait \(LST\) models with autoregressive effects}{subsection.1.1}% 5
\BOOKMARK [2][-]{subsection.1.2}{Estimation}{section.1}% 6
\BOOKMARK [2][-]{subsection.1.3}{Results}{section.1}% 7
\BOOKMARK [3][-]{subsubsection.1.3.1}{Causality}{subsection.1.3}% 8
\BOOKMARK [3][-]{subsubsection.1.3.2}{Inference}{subsection.1.3}% 9
\BOOKMARK [3][-]{subsubsection.1.3.3}{Gaze following}{subsection.1.3}% 10
\BOOKMARK [3][-]{subsubsection.1.3.4}{Quantity}{subsection.1.3}% 11
\BOOKMARK [1][-]{section.2}{Multi-construct models}{}% 12
\BOOKMARK [2][-]{subsection.2.1}{Causality and Inference}{section.2}% 13
\BOOKMARK [2][-]{subsection.2.2}{Causality and Gaze following}{section.2}% 14
\BOOKMARK [2][-]{subsection.2.3}{Causality and Quantity}{section.2}% 15
\BOOKMARK [2][-]{subsection.2.4}{Inference and Gaze following}{section.2}% 16
\BOOKMARK [2][-]{subsection.2.5}{Inference and Quantity}{section.2}% 17
\BOOKMARK [2][-]{subsection.2.6}{Quantity and Gaze following}{section.2}% 18
\BOOKMARK [1][-]{section.3}{Simulation Studies}{}% 19
\BOOKMARK [2][-]{subsection.3.1}{Simulation setup}{section.3}% 20
\BOOKMARK [2][-]{subsection.3.2}{Summary of the results}{section.3}% 21
\BOOKMARK [2][-]{subsection.3.3}{Latent State models: One construct}{section.3}% 22
\BOOKMARK [3][-]{subsubsection.3.3.1}{Freely varying state variances and covariances across time points. 5 ordered categories.}{subsection.3.3}% 23
\BOOKMARK [3][-]{subsubsection.3.3.2}{Freely varying state variances and covariances across time points. 7 ordered categories.}{subsection.3.3}% 24
\BOOKMARK [2][-]{subsection.3.4}{Latent State Trait models: One construct}{section.3}% 25
\BOOKMARK [3][-]{subsubsection.3.4.1}{Fixed state variances across time points. Default priors.}{subsection.3.4}% 26
\BOOKMARK [3][-]{subsubsection.3.4.2}{Fixed state variances across time points. Inverse gamma priors.}{subsection.3.4}% 27
\BOOKMARK [3][-]{subsubsection.3.4.3}{Free state variances across time points. Default priors.}{subsection.3.4}% 28
\BOOKMARK [3][-]{subsubsection.3.4.4}{Free state variances across time points. Inverse gamma priors.}{subsection.3.4}% 29
\BOOKMARK [2][-]{subsection.3.5}{Latent State models: Two constructs}{section.3}% 30
\BOOKMARK [3][-]{subsubsection.3.5.1}{Free state variances and covariances across time points. Default priors.}{subsection.3.5}% 31
\BOOKMARK [2][-]{subsection.3.6}{Latent State Trait models: Two constructs}{section.3}% 32
\BOOKMARK [3][-]{subsubsection.3.6.1}{Free state variances and covariances across time points.}{subsection.3.6}% 33
\BOOKMARK [3][-]{subsubsection.3.6.2}{Fixed state variances and covariances across time points.}{subsection.3.6}% 34
